[2m1:49:36 pm[22m [31m[1m[vite][22m[39m [31m[2m(client)[22m[39m [2m[console.error] [22mFailed to fetch cart: AxiosError: Network Error
    at XMLHttpRequest.handleError (http://localhost:5173/node_modules/.vite/deps/axios.js?v=80debd4e:2000:16)
    at Axios$1.request (http://localhost:5173/node_modules/.vite/deps/axios.js?v=80debd4e:2541:37)
    at async Object.getCart (http://localhost:5173/src/services/cartService.js:5:19)
    at async http://localhost:5173/src/hooks/useCart.js:54:17
[2m1:49:36 pm[22m [31m[1m[vite][22m[39m [31m[2m(client)[22m[39m [31m[Unhandled rejection] [1mAxiosError[22m: Network Error
[39m > XMLHttpRequest.handleError node_modules/axios/lib/adapters/xhr.js:122:20
 > Axios$1.request node_modules/axios/lib/core/Axios.js:46:40
 > Object.getCart src/services/cartService.js:7:19
    5  |  
    6  |  export async function getCart() {
    7  |    const { data } = await api.get("/api/cart");
       |                     ^
    8  |    return normalizeCartPayload(data);
    9  |  }
 > src/hooks/useCart.js:56:19

[2m1:49:38 pm[22m [31m[1m[vite][22m[39m [31m[2m(client)[22m[39m [2m[console.error] [22mFailed to fetch cart: AxiosError: Network Error
    at XMLHttpRequest.handleError (http://localhost:5173/node_modules/.vite/deps/axios.js?v=80debd4e:2000:16)
    at Axios$1.request (http://localhost:5173/node_modules/.vite/deps/axios.js?v=80debd4e:2541:37)
    at async Object.getCart (http://localhost:5173/src/services/cartService.js:5:19)
    at async http://localhost:5173/src/hooks/useCart.js:54:17
[2m1:49:38 pm[22m [31m[1m[vite][22m[39m [31m[2m(client)[22m[39m [31m[Unhandled rejection] [1mAxiosError[22m: Network Error
[39m > XMLHttpRequest.handleError node_modules/axios/lib/adapters/xhr.js:122:20
 > Axios$1.request node_modules/axios/lib/core/Axios.js:46:40
 > Object.getCart src/services/cartService.js:7:19
    5  |  
    6  |  export async function getCart() {
    7  |    const { data } = await api.get("/api/cart");
       |                     ^
    8  |    return normalizeCartPayload(data);
    9  |  }
 > src/hooks/useCart.js:56:19

[2m1:49:41 pm[22m [31m[1m[vite][22m[39m [31m[2m(client)[22m[39m [2m[console.error] [22mFailed to fetch cart: AxiosError: Network Error
    at XMLHttpRequest.handleError (http://localhost:5173/node_modules/.vite/deps/axios.js?v=80debd4e:2000:16)
    at Axios$1.request (http://localhost:5173/node_modules/.vite/deps/axios.js?v=80debd4e:2541:37)
    at async Object.getCart (http://localhost:5173/src/services/cartService.js:5:19)
    at async http://localhost:5173/src/hooks/useCart.js:54:17
[2m1:49:41 pm[22m [31m[1m[vite][22m[39m [31m[2m(client)[22m[39m [31m[Unhandled rejection] [1mAxiosError[22m: Network Error
[39m > XMLHttpRequest.handleError node_modules/axios/lib/adapters/xhr.js:122:20
 > Axios$1.request node_modules/axios/lib/core/Axios.js:46:40
 > Object.getCart src/services/cartService.js:7:19
    5  |  
    6  |  export async function getCart() {
    7  |    const { data } = await api.get("/api/cart");
       |                     ^
    8  |    return normalizeCartPayload(data);
    9  |  }
 > src/hooks/useCart.js:56:19

[2m1:49:41 pm[22m [31m[1m[vite][22m[39m [31m[2m(client)[22m[39m [2m[console.error] [22mFailed to fetch cart: AxiosError: Network Error
    at XMLHttpRequest.handleError (http://localhost:5173/node_modules/.vite/deps/axios.js?v=80debd4e:2000:16)
    at Axios$1.request (http://localhost:5173/node_modules/.vite/deps/axios.js?v=80debd4e:2541:37)
    at async Object.getCart (http://localhost:5173/src/services/cartService.js:5:19)
    at async http://localhost:5173/src/hooks/useCart.js:54:17
[2m1:49:41 pm[22m [31m[1m[vite][22m[39m [31m[2m(client)[22m[39m [31m[Unhandled rejection] [1mAxiosError[22m: Network Error
[39m > XMLHttpRequest.handleError node_modules/axios/lib/adapters/xhr.js:122:20
 > Axios$1.request node_modules/axios/lib/core/Axios.js:46:40
 > Object.getCart src/services/cartService.js:7:19
    5  |  
    6  |  export async function getCart() {
    7  |    const { data } = await api.get("/api/cart");
       |                     ^
    8  |    return normalizeCartPayload(data);
    9  |  }
 > src/hooks/useCart.js:56:19

[2m1:54:54 pm[22m [31m[1m[vite][22m[39m [31m[2m(client)[22m[39m [2m[console.error] [22mInvalid hook call. Hooks can only be called inside of the body of a function component. This could happen for one of the following reasons:
1. You might have mismatching versions of React and the renderer (such as React DOM)
2. You might be breaking the Rules of Hooks
3. You might have more than one copy of React in the same app
See https://react.dev/link/invalid-hook-call for tips about how to debug and fix this problem.
[2m1:54:54 pm[22m [31m[1m[vite][22m[39m [31m[2m(client)[22m[39m [2m[console.error] [22mInvalid hook call. Hooks can only be called inside of the body of a function component. This could happen for one of the following reasons:
1. You might have mismatching versions of React and the renderer (such as React DOM)
2. You might be breaking the Rules of Hooks
3. You might have more than one copy of React in the same app
See https://react.dev/link/invalid-hook-call for tips about how to debug and fix this problem.
[2m1:54:54 pm[22m [31m[1m[vite][22m[39m [31m[2m(client)[22m[39m [31m[Unhandled error] [1mTypeError[22m: Cannot read properties of null (reading 'useCallback')
[39m > exports.useCallback node_modules/react/cjs/react.development.js:1204:33
 > useStore node_modules/zustand/esm/react.mjs:8:10
 > useBoundStore node_modules/zustand/esm/react.mjs:16:38
 > Layout src/components/Layout.jsx:85:15
    83 |  export function Layout() {
    84 |    const navigate = useNavigate();
    85 |    const user = useAuthStore((s) => s.user);
       |                 ^
    86 |    const token = useAuthStore((s) => s.token);
    87 |    const guestCartCount = useGuestCartStore((s) => s.getTotalQuantity());
 > Object.react_stack_bottom_frame ../../../node_modules/.vite/deps/react-dom_client.js?v=11239cc5:12868:12
 > renderWithHooks ../../../node_modules/.vite/deps/react-dom_client.js?v=11239cc5:4213:19
 > updateFunctionComponent ../../../node_modules/.vite/deps/react-dom_client.js?v=11239cc5:5569:16
 > beginWork ../../../node_modules/.vite/deps/react-dom_client.js?v=11239cc5:6140:20
 > runWithFiberInDEV ../../../node_modules/.vite/deps/react-dom_client.js?v=11239cc5:851:66
 > performUnitOfWork ../../../node_modules/.vite/deps/react-dom_client.js?v=11239cc5:8429:92

[2m1:54:54 pm[22m [33m[1m[vite][22m[39m [33m[2m(client)[22m[39m [2m[console.warn] [22mAn error occurred in the <Layout> component.

Consider adding an error boundary to your tree to customize error handling behavior.
Visit https://react.dev/link/error-boundaries to learn more about error boundaries.

